Using pre-set license
Built from '2020.3/staging' branch; Version is '2020.3.19f1 (68f137dc9bbe) revision 6877495'; Using compiler version '192528614'; Build Type 'Release'
OS: 'Windows 10 Pro; OS build 19042.1237; Version 2009; 64bit' Language: 'en' Physical Memory: 8155 MB
BatchMode: 1, IsHumanControllingUs: 0, StartBugReporterOnCrash: 0, Is64bit: 1, IsPro: 0

COMMAND LINE ARGUMENTS:
E:\ziad\Editor\Unity.exe
-adb2
-batchMode
-noUpm
-name
AssetImportWorker0
-projectPath
F:/omar/New Unity Project (7)
-logFile
Logs/AssetImportWorker0.log
-srvPort
62980
Successfully changed project path to: F:/omar/New Unity Project (7)
F:/omar/New Unity Project (7)
Using Asset Import Pipeline V2.
Refreshing native plugins compatible for Editor in 40.57 ms, found 2 plugins.
Preloading 0 native plugins for Editor in 0.00 ms.
Initialize engine version: 2020.3.19f1 (68f137dc9bbe)
[Subsystems] Discovering subsystems at path E:/ziad/Editor/Data/Resources/UnitySubsystems
[Subsystems] Discovering subsystems at path F:/omar/New Unity Project (7)/Assets
GfxDevice: creating device client; threaded=0
Direct3D:
    Version:  Direct3D 11.0 [level 11.0]
    Renderer: AMD Radeon HD 5450 (ID=0x68f9)
    Vendor:   
    VRAM:     2034 MB
    Driver:   15.201.1151.1008
Initialize mono
Mono path[0] = 'E:/ziad/Editor/Data/Managed'
Mono path[1] = 'E:/ziad/Editor/Data/MonoBleedingEdge/lib/mono/unityjit'
Mono config path = 'E:/ziad/Editor/Data/MonoBleedingEdge/etc'
Using monoOptions --debugger-agent=transport=dt_socket,embedding=1,server=y,suspend=n,address=127.0.0.1:56732
Begin MonoManager ReloadAssembly
Registering precompiled unity dll's ...
Register platform support module: E:/ziad/Editor/Data/PlaybackEngines/WindowsStandaloneSupport/UnityEditor.WindowsStandalone.Extensions.dll
Registered in 0.001499 seconds.
Native extension for WindowsStandalone target not found
Refreshing native plugins compatible for Editor in 39.69 ms, found 2 plugins.
Preloading 0 native plugins for Editor in 0.00 ms.
Mono: successfully reloaded assembly
- Completed reload, in  1.241 seconds
Domain Reload Profiling:
	ReloadAssembly (1242ms)
		BeginReloadAssembly (70ms)
			ExecutionOrderSort (0ms)
			DisableScriptedObjects (0ms)
			BackupInstance (0ms)
			ReleaseScriptingObjects (0ms)
			CreateAndSetChildDomain (1ms)
		EndReloadAssembly (544ms)
			LoadAssemblies (69ms)
			RebuildTransferFunctionScriptingTraits (0ms)
			SetupTypeCache (205ms)
			ReleaseScriptCaches (0ms)
			RebuildScriptCaches (45ms)
			SetupLoadedEditorAssemblies (215ms)
				LogAssemblyErrors (0ms)
				InitializePlatformSupportModulesInManaged (5ms)
				SetLoadedEditorAssemblies (0ms)
				RefreshPlugins (40ms)
				BeforeProcessingInitializeOnLoad (17ms)
				ProcessInitializeOnLoadAttributes (112ms)
				ProcessInitializeOnLoadMethodAttributes (40ms)
				AfterProcessingInitializeOnLoad (0ms)
				EditorAssembliesLoaded (0ms)
			ExecutionOrderSort2 (0ms)
			AwakeInstancesAfterBackupRestoration (0ms)
Platform modules already initialized, skipping
Registering precompiled user dll's ...
Registered in 0.002754 seconds.
Begin MonoManager ReloadAssembly
Native extension for WindowsStandalone target not found
Refreshing native plugins compatible for Editor in 0.50 ms, found 2 plugins.
Preloading 0 native plugins for Editor in 0.00 ms.
Mono: successfully reloaded assembly
- Completed reload, in  1.448 seconds
Domain Reload Profiling:
	ReloadAssembly (1448ms)
		BeginReloadAssembly (195ms)
			ExecutionOrderSort (0ms)
			DisableScriptedObjects (7ms)
			BackupInstance (0ms)
			ReleaseScriptingObjects (0ms)
			CreateAndSetChildDomain (22ms)
		EndReloadAssembly (1177ms)
			LoadAssemblies (108ms)
			RebuildTransferFunctionScriptingTraits (0ms)
			SetupTypeCache (352ms)
			ReleaseScriptCaches (0ms)
			RebuildScriptCaches (68ms)
			SetupLoadedEditorAssemblies (510ms)
				LogAssemblyErrors (0ms)
				InitializePlatformSupportModulesInManaged (6ms)
				SetLoadedEditorAssemblies (1ms)
				RefreshPlugins (1ms)
				BeforeProcessingInitializeOnLoad (103ms)
				ProcessInitializeOnLoadAttributes (389ms)
				ProcessInitializeOnLoadMethodAttributes (6ms)
				AfterProcessingInitializeOnLoad (4ms)
				EditorAssembliesLoaded (0ms)
			ExecutionOrderSort2 (0ms)
			AwakeInstancesAfterBackupRestoration (10ms)
Platform modules already initialized, skipping
========================================================================
Worker process is ready to serve import requests
Launched and connected shader compiler UnityShaderCompiler.exe after 0.12 seconds
Refreshing native plugins compatible for Editor in 0.37 ms, found 2 plugins.
Preloading 0 native plugins for Editor in 0.00 ms.
Unloading 1400 Unused Serialized files (Serialized files now loaded: 0)
System memory in use before: 64.8 MB.
System memory in use after: 64.9 MB.

Unloading 16 unused Assets to reduce memory usage. Loaded Objects now: 1835.
Total: 3.587200 ms (FindLiveObjects: 0.164200 ms CreateObjectMapping: 0.061500 ms MarkObjects: 3.274400 ms  DeleteObjects: 0.085100 ms)

AssetImportParameters requested are different than current active one (requested -> active):
  custom:framework-win-MediaFoundation: 216162199b28c13a410421893ffa2e32 -> 
  custom:video-decoder-ogg-theora: a1e56fd34408186e4bbccfd4996cb3dc -> 
  custom:container-muxer-webm: aa71ff27fc2769a1b78a27578f13a17b -> 
  custom:container-demuxer-webm: 4f35f7cbe854078d1ac9338744f61a02 -> 
  custom:container-demuxer-ogg: 62fdf1f143b41e24485cea50d1cbac27 -> 
  custom:video-encoder-webm-vp8: eb34c28f22e8b96e1ab97ce403110664 -> 
  custom:video-decoder-webm-vp8: 9c59270c3fd7afecdb556c50c9e8de78 -> 
  custom:audio-decoder-ogg-vorbis: bf7c407c2cedff20999df2af8eb42d56 -> 
  custom:audio-encoder-webm-vorbis: bf7c407c2cedff20999df2af8eb42d56 -> 
========================================================================
Received Import Request.
  path: Assets
  artifactKey: Guid(00000000000000001000000000000000) Importer(815301076,1909f56bfc062723c751e8b465ee728b)
Start importing Assets using Guid(00000000000000001000000000000000) Importer(815301076,1909f56bfc062723c751e8b465ee728b)  -> (artifact id: '42d402b061de3733987d63b9cc3b64de') in 0.013243 seconds 
  Import took 0.016459 seconds .

========================================================================
Received Import Request.
  Time since last request: 26.439874 seconds.
  path: Assets/solar system matriales
  artifactKey: Guid(5f45d288b9c001f4baa0c58d64acb5d2) Importer(815301076,1909f56bfc062723c751e8b465ee728b)
Start importing Assets/solar system matriales using Guid(5f45d288b9c001f4baa0c58d64acb5d2) Importer(815301076,1909f56bfc062723c751e8b465ee728b)  -> (artifact id: '9f46364ee51eb31de96596fbf217e17a') in 0.009058 seconds 
  Import took 0.012599 seconds .

========================================================================
Received Import Request.
  Time since last request: 1.305367 seconds.
  path: Assets/solar system matriales/SolarSystemAssets
  artifactKey: Guid(8892d55e2b195714193524f00747ce68) Importer(815301076,1909f56bfc062723c751e8b465ee728b)
Start importing Assets/solar system matriales/SolarSystemAssets using Guid(8892d55e2b195714193524f00747ce68) Importer(815301076,1909f56bfc062723c751e8b465ee728b)  -> (artifact id: '56de79e85b3fe3e657fc0da5ee6bbb3e') in 0.006414 seconds 
  Import took 0.009122 seconds .

========================================================================
Received Import Request.
  Time since last request: 2.543206 seconds.
  path: Assets/solar system matriales/SolarSystemAssets/Textures
  artifactKey: Guid(0aeb2877bc5a7654e92b739cedfac9b4) Importer(815301076,1909f56bfc062723c751e8b465ee728b)
Start importing Assets/solar system matriales/SolarSystemAssets/Textures using Guid(0aeb2877bc5a7654e92b739cedfac9b4) Importer(815301076,1909f56bfc062723c751e8b465ee728b)  -> (artifact id: 'd20ebbc8add59af65d989d7ca1dbeb6f') in 0.007557 seconds 
  Import took 0.010386 seconds .

========================================================================
Received Import Request.
  Time since last request: 0.221963 seconds.
  path: Assets/solar system matriales/SolarSystemAssets/Textures/earthmap1k.jpg
  artifactKey: Guid(8c303f763fade51409bd5533043a427f) Importer(815301076,1909f56bfc062723c751e8b465ee728b)
Start importing Assets/solar system matriales/SolarSystemAssets/Textures/earthmap1k.jpg using Guid(8c303f763fade51409bd5533043a427f) Importer(815301076,1909f56bfc062723c751e8b465ee728b)  -> (artifact id: '214c1b415fc864c658905cbc707c7f4a') in 0.109990 seconds 
  Import took 0.113831 seconds .

========================================================================
Received Import Request.
  Time since last request: 0.000334 seconds.
  path: Assets/solar system matriales/SolarSystemAssets/Textures/saturnmap.jpg
  artifactKey: Guid(289a5940228bf7543971fddd095d4c78) Importer(815301076,1909f56bfc062723c751e8b465ee728b)
Start importing Assets/solar system matriales/SolarSystemAssets/Textures/saturnmap.jpg using Guid(289a5940228bf7543971fddd095d4c78) Importer(815301076,1909f56bfc062723c751e8b465ee728b)  -> (artifact id: '7ad43d3e3fed2c8fb3f4082deb3cdfa5') in 0.017421 seconds 
  Import took 0.020662 seconds .

========================================================================
Received Import Request.
  Time since last request: 0.000261 seconds.
  path: Assets/solar system matriales/SolarSystemAssets/Textures/venusmap.jpg
  artifactKey: Guid(727a8e0961de8a846b6c2b2aef703d60) Importer(815301076,1909f56bfc062723c751e8b465ee728b)
Start importing Assets/solar system matriales/SolarSystemAssets/Textures/venusmap.jpg using Guid(727a8e0961de8a846b6c2b2aef703d60) Importer(815301076,1909f56bfc062723c751e8b465ee728b)  -> (artifact id: '605450be4b12dbaf0c8e3f21ca35f19c') in 0.024118 seconds 
  Import took 0.027332 seconds .

========================================================================
Received Import Request.
  Time since last request: 0.000290 seconds.
  path: Assets/solar system matriales/SolarSystemAssets/Textures/mars_1k_color.jpg
  artifactKey: Guid(851a4c468fb267d4896e6fb1e2e41190) Importer(815301076,1909f56bfc062723c751e8b465ee728b)
Start importing Assets/solar system matriales/SolarSystemAssets/Textures/mars_1k_color.jpg using Guid(851a4c468fb267d4896e6fb1e2e41190) Importer(815301076,1909f56bfc062723c751e8b465ee728b)  -> (artifact id: '1358ca84847faa102faaaf7ddd07eb64') in 0.040398 seconds 
  Import took 0.043061 seconds .

========================================================================
Received Import Request.
  Time since last request: 0.000301 seconds.
  path: Assets/solar system matriales/SolarSystemAssets/Textures/space.jpg
  artifactKey: Guid(7633c81bf1d081448850ce9820de2021) Importer(815301076,1909f56bfc062723c751e8b465ee728b)
Start importing Assets/solar system matriales/SolarSystemAssets/Textures/space.jpg using Guid(7633c81bf1d081448850ce9820de2021) Importer(815301076,1909f56bfc062723c751e8b465ee728b)  -> (artifact id: 'edea4f403ec3dd1f4f8a33b0e03b3855') in 0.023152 seconds 
  Import took 0.025573 seconds .

========================================================================
Received Import Request.
  Time since last request: 0.000298 seconds.
  path: Assets/solar system matriales/SolarSystemAssets/Textures/sunmap.jpg
  artifactKey: Guid(be44760316c9c4240a7d80fe26363f93) Importer(815301076,1909f56bfc062723c751e8b465ee728b)
Start importing Assets/solar system matriales/SolarSystemAssets/Textures/sunmap.jpg using Guid(be44760316c9c4240a7d80fe26363f93) Importer(815301076,1909f56bfc062723c751e8b465ee728b)  -> (artifact id: '5a021a3a973cfb170226f6bd6ad6bee2') in 0.015158 seconds 
  Import took 0.017696 seconds .

========================================================================
Received Import Request.
  Time since last request: 0.000331 seconds.
  path: Assets/solar system matriales/SolarSystemAssets/Textures/mercurymap.jpg
  artifactKey: Guid(f20f543a5828dba4f99242aa49c746f4) Importer(815301076,1909f56bfc062723c751e8b465ee728b)
Start importing Assets/solar system matriales/SolarSystemAssets/Textures/mercurymap.jpg using Guid(f20f543a5828dba4f99242aa49c746f4) Importer(815301076,1909f56bfc062723c751e8b465ee728b)  -> (artifact id: '0f82be980804dca491414b13e1e78f37') in 0.014583 seconds 
  Import took 0.017058 seconds .

========================================================================
Received Import Request.
  Time since last request: 0.000305 seconds.
  path: Assets/solar system matriales/SolarSystemAssets/Textures/uranusmap.jpg
  artifactKey: Guid(edaef16945209144c8080ea36dc5ce14) Importer(815301076,1909f56bfc062723c751e8b465ee728b)
Start importing Assets/solar system matriales/SolarSystemAssets/Textures/uranusmap.jpg using Guid(edaef16945209144c8080ea36dc5ce14) Importer(815301076,1909f56bfc062723c751e8b465ee728b)  -> (artifact id: 'bba223a46a0cb43b46dadd64a8ebe7d2') in 0.017200 seconds 
  Import took 0.019686 seconds .

========================================================================
Received Import Request.
  Time since last request: 0.000303 seconds.
  path: Assets/solar system matriales/SolarSystemAssets/Textures/moonmap1k.jpg
  artifactKey: Guid(8f488661814c0a949b8349667924e961) Importer(815301076,1909f56bfc062723c751e8b465ee728b)
Start importing Assets/solar system matriales/SolarSystemAssets/Textures/moonmap1k.jpg using Guid(8f488661814c0a949b8349667924e961) Importer(815301076,1909f56bfc062723c751e8b465ee728b)  -> (artifact id: 'b9338932084786fba1813d9f905931eb') in 0.025244 seconds 
  Import took 0.028448 seconds .

========================================================================
Received Import Request.
  Time since last request: 0.000081 seconds.
  path: Assets/solar system matriales/SolarSystemAssets/Textures/plutomap1k.jpg
  artifactKey: Guid(77d162eefca07e34095eb8448fe2f5b3) Importer(815301076,1909f56bfc062723c751e8b465ee728b)
Start importing Assets/solar system matriales/SolarSystemAssets/Textures/plutomap1k.jpg using Guid(77d162eefca07e34095eb8448fe2f5b3) Importer(815301076,1909f56bfc062723c751e8b465ee728b)  -> (artifact id: '79c87e191153109eb5506b9149d7cd7d') in 0.013617 seconds 
  Import took 0.016199 seconds .

========================================================================
Received Import Request.
  Time since last request: 0.000310 seconds.
  path: Assets/solar system matriales/SolarSystemAssets/Textures/jupitermap.jpg
  artifactKey: Guid(45aab028178744d4eadeb6d617d8eaf0) Importer(815301076,1909f56bfc062723c751e8b465ee728b)
Start importing Assets/solar system matriales/SolarSystemAssets/Textures/jupitermap.jpg using Guid(45aab028178744d4eadeb6d617d8eaf0) Importer(815301076,1909f56bfc062723c751e8b465ee728b)  -> (artifact id: 'bb70c951bef04da00e5be7a1e5ef42dd') in 0.018085 seconds 
  Import took 0.020768 seconds .

========================================================================
Received Import Request.
  Time since last request: 0.000291 seconds.
  path: Assets/solar system matriales/SolarSystemAssets/Textures/neptunemap.jpg
  artifactKey: Guid(11e454ee4a866fa4d910aa32e2bf1c5c) Importer(815301076,1909f56bfc062723c751e8b465ee728b)
Start importing Assets/solar system matriales/SolarSystemAssets/Textures/neptunemap.jpg using Guid(11e454ee4a866fa4d910aa32e2bf1c5c) Importer(815301076,1909f56bfc062723c751e8b465ee728b)  -> (artifact id: '23f63a31faea24d1a34395416be1678b') in 0.017133 seconds 
  Import took 0.019702 seconds .

========================================================================
Received Import Request.
  Time since last request: 0.000305 seconds.
  path: Assets/solar system matriales/SolarSystemAssets/Textures/Sun-icon.png
  artifactKey: Guid(3babe99c093eacf478062e57bb11c5d9) Importer(815301076,1909f56bfc062723c751e8b465ee728b)
Start importing Assets/solar system matriales/SolarSystemAssets/Textures/Sun-icon.png using Guid(3babe99c093eacf478062e57bb11c5d9) Importer(815301076,1909f56bfc062723c751e8b465ee728b)  -> (artifact id: '042e4a140576ad460c2d6b0442074b41') in 0.023162 seconds 
  Import took 0.025597 seconds .

========================================================================
Received Import Request.
  Time since last request: 10.670997 seconds.
  path: Assets/Scenes/SampleScene.unity
  artifactKey: Guid(9fc0d4010bbf28b4594072e72b8655ab) Importer(815301076,1909f56bfc062723c751e8b465ee728b)
Start importing Assets/Scenes/SampleScene.unity using Guid(9fc0d4010bbf28b4594072e72b8655ab) Importer(815301076,1909f56bfc062723c751e8b465ee728b)  -> (artifact id: '85059f4f9e1a832ed95adaa0d25c5c4c') in 0.010052 seconds 
  Import took 0.012781 seconds .

========================================================================
Received Import Request.
  Time since last request: 3.546164 seconds.
  path: Assets/Scenes/SampleScene.unity
  artifactKey: Guid(9fc0d4010bbf28b4594072e72b8655ab) Importer(815301076,1909f56bfc062723c751e8b465ee728b)
Start importing Assets/Scenes/SampleScene.unity using Guid(9fc0d4010bbf28b4594072e72b8655ab) Importer(815301076,1909f56bfc062723c751e8b465ee728b)  -> (artifact id: 'e36a16a1208af677179acf7dc4e0d449') in 0.002588 seconds 
  Import took 0.005799 seconds .

========================================================================
Received Import Request.
  Time since last request: 588.210557 seconds.
  path: Assets/solar system matriales/SolarSystemAssets/Materials/earthmap1k.mat
  artifactKey: Guid(6749d7a7ccb905a4796f5a8e72f5c36c) Importer(815301076,1909f56bfc062723c751e8b465ee728b)
Start importing Assets/solar system matriales/SolarSystemAssets/Materials/earthmap1k.mat using Guid(6749d7a7ccb905a4796f5a8e72f5c36c) Importer(815301076,1909f56bfc062723c751e8b465ee728b)  -> (artifact id: 'e6d4d92a9dd59e0e5fd16d918f749429') in 0.090513 seconds 
  Import took 0.093718 seconds .

========================================================================
Received Import Request.
  Time since last request: 0.000289 seconds.
  path: Assets/solar system matriales/SolarSystemAssets/Materials/mercurymap.mat
  artifactKey: Guid(1d1d89babdd42954abddfb85c9d4d0ca) Importer(815301076,1909f56bfc062723c751e8b465ee728b)
Start importing Assets/solar system matriales/SolarSystemAssets/Materials/mercurymap.mat using Guid(1d1d89babdd42954abddfb85c9d4d0ca) Importer(815301076,1909f56bfc062723c751e8b465ee728b)  -> (artifact id: 'f00751196f47d58ca9465e6e915c9ad2') in 0.020376 seconds 
  Import took 0.022996 seconds .

========================================================================
Received Import Request.
  Time since last request: 0.000253 seconds.
  path: Assets/solar system matriales/SolarSystemAssets/Materials/mars_1k_color.mat
  artifactKey: Guid(3e7d4510a7596a94c9db5ab3ca476c74) Importer(815301076,1909f56bfc062723c751e8b465ee728b)
Start importing Assets/solar system matriales/SolarSystemAssets/Materials/mars_1k_color.mat using Guid(3e7d4510a7596a94c9db5ab3ca476c74) Importer(815301076,1909f56bfc062723c751e8b465ee728b)  -> (artifact id: 'a04e19f021d72c5778e1b01ca3a86c46') in 0.018871 seconds 
  Import took 0.021465 seconds .

========================================================================
Received Import Request.
  Time since last request: 0.000271 seconds.
  path: Assets/solar system matriales/SolarSystemAssets/Materials/jupitermap.mat
  artifactKey: Guid(b5af655c56f1d1246aaf01d5ca680992) Importer(815301076,1909f56bfc062723c751e8b465ee728b)
Start importing Assets/solar system matriales/SolarSystemAssets/Materials/jupitermap.mat using Guid(b5af655c56f1d1246aaf01d5ca680992) Importer(815301076,1909f56bfc062723c751e8b465ee728b)  -> (artifact id: '11b19e60e9db36a0a4ce6a0bff3e6c72') in 0.021069 seconds 
  Import took 0.023624 seconds .

========================================================================
Received Import Request.
  Time since last request: 0.000228 seconds.
  path: Assets/solar system matriales/SolarSystemAssets/Materials/venusmap.mat
  artifactKey: Guid(1310240a9a9c9da41859bf6ba69caec6) Importer(815301076,1909f56bfc062723c751e8b465ee728b)
Start importing Assets/solar system matriales/SolarSystemAssets/Materials/venusmap.mat using Guid(1310240a9a9c9da41859bf6ba69caec6) Importer(815301076,1909f56bfc062723c751e8b465ee728b)  -> (artifact id: 'a1172df206a232140d6dd350548db7a3') in 0.015043 seconds 
  Import took 0.017572 seconds .

========================================================================
Received Import Request.
  Time since last request: 0.000270 seconds.
  path: Assets/solar system matriales/SolarSystemAssets/Materials/neptunemap.mat
  artifactKey: Guid(4a7e7482994335042913d15167ff3b6e) Importer(815301076,1909f56bfc062723c751e8b465ee728b)
Start importing Assets/solar system matriales/SolarSystemAssets/Materials/neptunemap.mat using Guid(4a7e7482994335042913d15167ff3b6e) Importer(815301076,1909f56bfc062723c751e8b465ee728b)  -> (artifact id: 'c5355236018df8dcf017d6a96525363e') in 0.017282 seconds 
  Import took 0.019863 seconds .

========================================================================
Received Import Request.
  Time since last request: 0.000175 seconds.
  path: Assets/solar system matriales/SolarSystemAssets/Materials/sunmap.mat
  artifactKey: Guid(cb7a3b7b13c39f94b9894d59db4db13e) Importer(815301076,1909f56bfc062723c751e8b465ee728b)
Start importing Assets/solar system matriales/SolarSystemAssets/Materials/sunmap.mat using Guid(cb7a3b7b13c39f94b9894d59db4db13e) Importer(815301076,1909f56bfc062723c751e8b465ee728b)  -> (artifact id: '0563ffca0e54ad3b393eb93b475858df') in 0.025043 seconds 
  Import took 0.027688 seconds .

========================================================================
Received Import Request.
  Time since last request: 0.000269 seconds.
  path: Assets/solar system matriales/SolarSystemAssets/Materials/uranusmap.mat
  artifactKey: Guid(d65d9c429529a824ea30f90dd5c3d841) Importer(815301076,1909f56bfc062723c751e8b465ee728b)
Start importing Assets/solar system matriales/SolarSystemAssets/Materials/uranusmap.mat using Guid(d65d9c429529a824ea30f90dd5c3d841) Importer(815301076,1909f56bfc062723c751e8b465ee728b)  -> (artifact id: '33b6bd201c08c4b04e6c77a30084c5bd') in 0.016767 seconds 
  Import took 0.019297 seconds .

========================================================================
Received Import Request.
  Time since last request: 0.000178 seconds.
  path: Assets/solar system matriales/SolarSystemAssets/Materials/saturnmap.mat
  artifactKey: Guid(e76943df027770040bdb5e93a5031b96) Importer(815301076,1909f56bfc062723c751e8b465ee728b)
Start importing Assets/solar system matriales/SolarSystemAssets/Materials/saturnmap.mat using Guid(e76943df027770040bdb5e93a5031b96) Importer(815301076,1909f56bfc062723c751e8b465ee728b)  -> (artifact id: 'efdf70dc2678fbc31fb762c4c8fbb602') in 0.032870 seconds 
  Import took 0.035812 seconds .

========================================================================
Received Import Request.
  Time since last request: 90.410896 seconds.
  path: Assets/solar system matriales/SolarSystemAssets/Textures/New Material.mat
  artifactKey: Guid(76f4bef723dfa6b40b1f13bc6861f620) Importer(815301076,1909f56bfc062723c751e8b465ee728b)
Start importing Assets/solar system matriales/SolarSystemAssets/Textures/New Material.mat using Guid(76f4bef723dfa6b40b1f13bc6861f620) Importer(815301076,1909f56bfc062723c751e8b465ee728b)  -> (artifact id: 'df36ceffbf8c56acbbc06d993d7c24c6') in 0.023094 seconds 
  Import took 0.026028 seconds .

========================================================================
Received Prepare
Registering precompiled user dll's ...
Registered in 0.002875 seconds.
Begin MonoManager ReloadAssembly
Native extension for WindowsStandalone target not found
Refreshing native plugins compatible for Editor in 0.39 ms, found 2 plugins.
Preloading 0 native plugins for Editor in 0.00 ms.
Mono: successfully reloaded assembly
- Completed reload, in  1.242 seconds
Domain Reload Profiling:
	ReloadAssembly (1243ms)
		BeginReloadAssembly (149ms)
			ExecutionOrderSort (0ms)
			DisableScriptedObjects (6ms)
			BackupInstance (0ms)
			ReleaseScriptingObjects (0ms)
			CreateAndSetChildDomain (40ms)
		EndReloadAssembly (1016ms)
			LoadAssemblies (111ms)
			RebuildTransferFunctionScriptingTraits (0ms)
			SetupTypeCache (364ms)
			ReleaseScriptCaches (1ms)
			RebuildScriptCaches (52ms)
			SetupLoadedEditorAssemblies (355ms)
				LogAssemblyErrors (0ms)
				InitializePlatformSupportModulesInManaged (7ms)
				SetLoadedEditorAssemblies (1ms)
				RefreshPlugins (0ms)
				BeforeProcessingInitializeOnLoad (94ms)
				ProcessInitializeOnLoadAttributes (244ms)
				ProcessInitializeOnLoadMethodAttributes (5ms)
				AfterProcessingInitializeOnLoad (3ms)
				EditorAssembliesLoaded (0ms)
			ExecutionOrderSort2 (0ms)
			AwakeInstancesAfterBackupRestoration (10ms)
Platform modules already initialized, skipping
Refreshing native plugins compatible for Editor in 0.40 ms, found 2 plugins.
Preloading 0 native plugins for Editor in 0.00 ms.
Unloading 1396 Unused Serialized files (Serialized files now loaded: 0)
System memory in use before: 68.1 MB.
System memory in use after: 68.2 MB.

Unloading 11 unused Assets to reduce memory usage. Loaded Objects now: 1881.
Total: 3.620700 ms (FindLiveObjects: 0.172300 ms CreateObjectMapping: 0.063200 ms MarkObjects: 3.351600 ms  DeleteObjects: 0.031000 ms)

AssetImportParameters requested are different than current active one (requested -> active):
  custom:framework-win-MediaFoundation: 216162199b28c13a410421893ffa2e32 -> 
  custom:video-decoder-ogg-theora: a1e56fd34408186e4bbccfd4996cb3dc -> 
  custom:container-muxer-webm: aa71ff27fc2769a1b78a27578f13a17b -> 
  custom:container-demuxer-webm: 4f35f7cbe854078d1ac9338744f61a02 -> 
  custom:container-demuxer-ogg: 62fdf1f143b41e24485cea50d1cbac27 -> 
  custom:video-encoder-webm-vp8: eb34c28f22e8b96e1ab97ce403110664 -> 
  custom:video-decoder-webm-vp8: 9c59270c3fd7afecdb556c50c9e8de78 -> 
  custom:audio-decoder-ogg-vorbis: bf7c407c2cedff20999df2af8eb42d56 -> 
  custom:audio-encoder-webm-vorbis: bf7c407c2cedff20999df2af8eb42d56 -> 
========================================================================
Received Import Request.
  Time since last request: 798.181456 seconds.
  path: Assets/Assets
  artifactKey: Guid(c42b52475629ab84bad2aa3834821a8b) Importer(815301076,1909f56bfc062723c751e8b465ee728b)
Start importing Assets/Assets using Guid(c42b52475629ab84bad2aa3834821a8b) Importer(815301076,1909f56bfc062723c751e8b465ee728b)  -> (artifact id: 'f3a734b4f22d1682983ad294a427edc0') in 0.010563 seconds 
  Import took 0.013417 seconds .

========================================================================
Received Import Request.
  Time since last request: 1.823716 seconds.
  path: Assets/Assets/Model
  artifactKey: Guid(3532f3c44c016264aaf5631573eec8e8) Importer(815301076,1909f56bfc062723c751e8b465ee728b)
Start importing Assets/Assets/Model using Guid(3532f3c44c016264aaf5631573eec8e8) Importer(815301076,1909f56bfc062723c751e8b465ee728b)  -> (artifact id: 'fedf4df1956bd77f0ba6eb5fbaa5cb94') in 0.007526 seconds 
  Import took 0.010348 seconds .

========================================================================
Received Import Request.
  Time since last request: 4.308662 seconds.
  path: Assets/Assets/Model/Asteroid1.blend
  artifactKey: Guid(f59e5e9f772e8054daba9a21d9d36d6c) Importer(815301076,1909f56bfc062723c751e8b465ee728b)
Start importing Assets/Assets/Model/Asteroid1.blend using Guid(f59e5e9f772e8054daba9a21d9d36d6c) Importer(815301076,1909f56bfc062723c751e8b465ee728b)  -> (artifact id: '7dc973f10eff2038c1ef02e953d0431b') in 0.017655 seconds 
  Import took 0.020897 seconds .

========================================================================
Received Prepare
Registering precompiled user dll's ...
Registered in 0.002630 seconds.
Begin MonoManager ReloadAssembly
Native extension for WindowsStandalone target not found
Refreshing native plugins compatible for Editor in 0.38 ms, found 2 plugins.
Preloading 0 native plugins for Editor in 0.00 ms.
Mono: successfully reloaded assembly
- Completed reload, in  1.252 seconds
Domain Reload Profiling:
	ReloadAssembly (1252ms)
		BeginReloadAssembly (138ms)
			ExecutionOrderSort (0ms)
			DisableScriptedObjects (7ms)
			BackupInstance (0ms)
			ReleaseScriptingObjects (0ms)
			CreateAndSetChildDomain (40ms)
		EndReloadAssembly (1035ms)
			LoadAssemblies (114ms)
			RebuildTransferFunctionScriptingTraits (0ms)
			SetupTypeCache (374ms)
			ReleaseScriptCaches (1ms)
			RebuildScriptCaches (55ms)
			SetupLoadedEditorAssemblies (363ms)
				LogAssemblyErrors (0ms)
				InitializePlatformSupportModulesInManaged (7ms)
				SetLoadedEditorAssemblies (1ms)
				RefreshPlugins (0ms)
				BeforeProcessingInitializeOnLoad (95ms)
				ProcessInitializeOnLoadAttributes (251ms)
				ProcessInitializeOnLoadMethodAttributes (5ms)
				AfterProcessingInitializeOnLoad (3ms)
				EditorAssembliesLoaded (0ms)
			ExecutionOrderSort2 (0ms)
			AwakeInstancesAfterBackupRestoration (9ms)
Platform modules already initialized, skipping
Refreshing native plugins compatible for Editor in 0.42 ms, found 2 plugins.
Preloading 0 native plugins for Editor in 0.00 ms.
Unloading 1394 Unused Serialized files (Serialized files now loaded: 0)
System memory in use before: 68.1 MB.
System memory in use after: 68.2 MB.

Unloading 13 unused Assets to reduce memory usage. Loaded Objects now: 1881.
Total: 3.696700 ms (FindLiveObjects: 0.158100 ms CreateObjectMapping: 0.057700 ms MarkObjects: 3.450700 ms  DeleteObjects: 0.028100 ms)

AssetImportParameters requested are different than current active one (requested -> active):
  custom:framework-win-MediaFoundation: 216162199b28c13a410421893ffa2e32 -> 
  custom:video-decoder-ogg-theora: a1e56fd34408186e4bbccfd4996cb3dc -> 
  custom:container-muxer-webm: aa71ff27fc2769a1b78a27578f13a17b -> 
  custom:container-demuxer-webm: 4f35f7cbe854078d1ac9338744f61a02 -> 
  custom:container-demuxer-ogg: 62fdf1f143b41e24485cea50d1cbac27 -> 
  custom:video-encoder-webm-vp8: eb34c28f22e8b96e1ab97ce403110664 -> 
  custom:video-decoder-webm-vp8: 9c59270c3fd7afecdb556c50c9e8de78 -> 
  custom:audio-decoder-ogg-vorbis: bf7c407c2cedff20999df2af8eb42d56 -> 
  custom:audio-encoder-webm-vorbis: bf7c407c2cedff20999df2af8eb42d56 -> 
========================================================================
Received Prepare
Registering precompiled user dll's ...
Registered in 0.002536 seconds.
Begin MonoManager ReloadAssembly
Native extension for WindowsStandalone target not found
Refreshing native plugins compatible for Editor in 0.41 ms, found 2 plugins.
Preloading 0 native plugins for Editor in 0.00 ms.
Mono: successfully reloaded assembly
- Completed reload, in  1.196 seconds
Domain Reload Profiling:
	ReloadAssembly (1197ms)
		BeginReloadAssembly (136ms)
			ExecutionOrderSort (0ms)
			DisableScriptedObjects (6ms)
			BackupInstance (0ms)
			ReleaseScriptingObjects (0ms)
			CreateAndSetChildDomain (39ms)
		EndReloadAssembly (983ms)
			LoadAssemblies (107ms)
			RebuildTransferFunctionScriptingTraits (0ms)
			SetupTypeCache (342ms)
			ReleaseScriptCaches (1ms)
			RebuildScriptCaches (54ms)
			SetupLoadedEditorAssemblies (349ms)
				LogAssemblyErrors (0ms)
				InitializePlatformSupportModulesInManaged (6ms)
				SetLoadedEditorAssemblies (1ms)
				RefreshPlugins (0ms)
				BeforeProcessingInitializeOnLoad (94ms)
				ProcessInitializeOnLoadAttributes (240ms)
				ProcessInitializeOnLoadMethodAttributes (5ms)
				AfterProcessingInitializeOnLoad (3ms)
				EditorAssembliesLoaded (0ms)
			ExecutionOrderSort2 (0ms)
			AwakeInstancesAfterBackupRestoration (9ms)
Platform modules already initialized, skipping
Refreshing native plugins compatible for Editor in 0.40 ms, found 2 plugins.
Preloading 0 native plugins for Editor in 0.00 ms.
Unloading 1395 Unused Serialized files (Serialized files now loaded: 0)
System memory in use before: 68.1 MB.
System memory in use after: 68.2 MB.

Unloading 11 unused Assets to reduce memory usage. Loaded Objects now: 1884.
Total: 3.391500 ms (FindLiveObjects: 0.165300 ms CreateObjectMapping: 0.059800 ms MarkObjects: 3.134100 ms  DeleteObjects: 0.030200 ms)

AssetImportParameters requested are different than current active one (requested -> active):
  custom:framework-win-MediaFoundation: 216162199b28c13a410421893ffa2e32 -> 
  custom:video-decoder-ogg-theora: a1e56fd34408186e4bbccfd4996cb3dc -> 
  custom:container-muxer-webm: aa71ff27fc2769a1b78a27578f13a17b -> 
  custom:container-demuxer-webm: 4f35f7cbe854078d1ac9338744f61a02 -> 
  custom:container-demuxer-ogg: 62fdf1f143b41e24485cea50d1cbac27 -> 
  custom:video-encoder-webm-vp8: eb34c28f22e8b96e1ab97ce403110664 -> 
  custom:video-decoder-webm-vp8: 9c59270c3fd7afecdb556c50c9e8de78 -> 
  custom:audio-decoder-ogg-vorbis: bf7c407c2cedff20999df2af8eb42d56 -> 
  custom:audio-encoder-webm-vorbis: bf7c407c2cedff20999df2af8eb42d56 -> 
========================================================================
Received Import Request.
  Time since last request: 200.304348 seconds.
  path: Assets/Asteroids Pack
  artifactKey: Guid(ee0e06b8b915d5447a22adf2902dad1e) Importer(815301076,1909f56bfc062723c751e8b465ee728b)
Start importing Assets/Asteroids Pack using Guid(ee0e06b8b915d5447a22adf2902dad1e) Importer(815301076,1909f56bfc062723c751e8b465ee728b)  -> (artifact id: 'e224661b84d918687e9db769602af7ad') in 0.009399 seconds 
  Import took 0.012171 seconds .

========================================================================
Received Import Request.
  Time since last request: 1.980671 seconds.
  path: Assets/Asteroids Pack/Assets
  artifactKey: Guid(9fde4978a4811a34b80135ed529ada64) Importer(815301076,1909f56bfc062723c751e8b465ee728b)
Start importing Assets/Asteroids Pack/Assets using Guid(9fde4978a4811a34b80135ed529ada64) Importer(815301076,1909f56bfc062723c751e8b465ee728b)  -> (artifact id: '9858112f1fdd82d7021b34d6a06dfb82') in 0.002656 seconds 
  Import took 0.005827 seconds .

========================================================================
Received Import Request.
  Time since last request: 4.828852 seconds.
  path: Assets/Asteroids Pack/Assets/Meshes
  artifactKey: Guid(dcc22de953633a94d97df742bcfb4c9a) Importer(815301076,1909f56bfc062723c751e8b465ee728b)
Start importing Assets/Asteroids Pack/Assets/Meshes using Guid(dcc22de953633a94d97df742bcfb4c9a) Importer(815301076,1909f56bfc062723c751e8b465ee728b)  -> (artifact id: '5e7e2c78b4467c18441e9792695e713a') in 0.008141 seconds 
  Import took 0.011216 seconds .

========================================================================
Received Import Request.
  Time since last request: 0.078093 seconds.
  path: Assets/Asteroids Pack/Assets/Meshes/asteroid1_LOD0.fbx
  artifactKey: Guid(d03d0c597bb388947bf16f564153364a) Importer(815301076,1909f56bfc062723c751e8b465ee728b)
Start importing Assets/Asteroids Pack/Assets/Meshes/asteroid1_LOD0.fbx using Guid(d03d0c597bb388947bf16f564153364a) Importer(815301076,1909f56bfc062723c751e8b465ee728b)  -> (artifact id: 'b32bd6bdc0b499d1c079236fda75a58c') in 0.152233 seconds 
  Import took 0.155198 seconds .

========================================================================
Received Import Request.
  Time since last request: 0.000331 seconds.
  path: Assets/Asteroids Pack/Assets/Meshes/asteroid2_LOD1.fbx
  artifactKey: Guid(f6c9079cd95ba7c4f967cb514398f38f) Importer(815301076,1909f56bfc062723c751e8b465ee728b)
Start importing Assets/Asteroids Pack/Assets/Meshes/asteroid2_LOD1.fbx using Guid(f6c9079cd95ba7c4f967cb514398f38f) Importer(815301076,1909f56bfc062723c751e8b465ee728b)  -> (artifact id: '10ff119a3b3711621196f11662d07e64') in 0.022655 seconds 
  Import took 0.025145 seconds .

========================================================================
Received Import Request.
  Time since last request: 0.000314 seconds.
  path: Assets/Asteroids Pack/Assets/Meshes/asteroid3_LOD2.fbx
  artifactKey: Guid(c8e5dbd0279404f47898113147f8f42f) Importer(815301076,1909f56bfc062723c751e8b465ee728b)
Start importing Assets/Asteroids Pack/Assets/Meshes/asteroid3_LOD2.fbx using Guid(c8e5dbd0279404f47898113147f8f42f) Importer(815301076,1909f56bfc062723c751e8b465ee728b)  -> (artifact id: 'f0e9e48bf04521aa0f1221d43b283278') in 0.129542 seconds 
  Import took 0.133312 seconds .

========================================================================
Received Import Request.
  Time since last request: 0.000552 seconds.
  path: Assets/Asteroids Pack/Assets/Meshes/asteroid3_LOD1.fbx
  artifactKey: Guid(1b6e00e79bdc23d4888bfb8e5613ab1c) Importer(815301076,1909f56bfc062723c751e8b465ee728b)
Start importing Assets/Asteroids Pack/Assets/Meshes/asteroid3_LOD1.fbx using Guid(1b6e00e79bdc23d4888bfb8e5613ab1c) Importer(815301076,1909f56bfc062723c751e8b465ee728b)  -> (artifact id: 'bb37a635eb07cb3016a513fcee4c46af') in 0.040933 seconds 
  Import took 0.044637 seconds .

========================================================================
Received Import Request.
  Time since last request: 0.000305 seconds.
  path: Assets/Asteroids Pack/Assets/Meshes/asteroid2_LOD2.fbx
  artifactKey: Guid(4fc98ba1e54e0f64aa2c95885ef7026e) Importer(815301076,1909f56bfc062723c751e8b465ee728b)
Start importing Assets/Asteroids Pack/Assets/Meshes/asteroid2_LOD2.fbx using Guid(4fc98ba1e54e0f64aa2c95885ef7026e) Importer(815301076,1909f56bfc062723c751e8b465ee728b)  -> (artifact id: 'dee13a590d7b243f8b34f5a27de7e937') in 0.046094 seconds 
  Import took 0.049030 seconds .

========================================================================
Received Import Request.
  Time since last request: 0.000338 seconds.
  path: Assets/Asteroids Pack/Assets/Meshes/asteroid1_LOD2.fbx
  artifactKey: Guid(a06b7d8123805974182a9aee714fe013) Importer(815301076,1909f56bfc062723c751e8b465ee728b)
Start importing Assets/Asteroids Pack/Assets/Meshes/asteroid1_LOD2.fbx using Guid(a06b7d8123805974182a9aee714fe013) Importer(815301076,1909f56bfc062723c751e8b465ee728b)  -> (artifact id: 'a82bd86f67f8eaa17da35c01b105059a') in 0.040466 seconds 
  Import took 0.043052 seconds .

========================================================================
Received Import Request.
  Time since last request: 0.000304 seconds.
  path: Assets/Asteroids Pack/Assets/Meshes/asteroid2_LOD0.fbx
  artifactKey: Guid(e259e812818c9074dbe1011ab1789aae) Importer(815301076,1909f56bfc062723c751e8b465ee728b)
Start importing Assets/Asteroids Pack/Assets/Meshes/asteroid2_LOD0.fbx using Guid(e259e812818c9074dbe1011ab1789aae) Importer(815301076,1909f56bfc062723c751e8b465ee728b)  -> (artifact id: 'a021db0cda9879d0e654dc8a86ec099e') in 0.054116 seconds 
  Import took 0.056969 seconds .

========================================================================
Received Import Request.
  Time since last request: 0.000342 seconds.
  path: Assets/Asteroids Pack/Assets/Meshes/asteroid1_LOD1.fbx
  artifactKey: Guid(4fb53cd438460f84a97145bd5e35baf1) Importer(815301076,1909f56bfc062723c751e8b465ee728b)
Start importing Assets/Asteroids Pack/Assets/Meshes/asteroid1_LOD1.fbx using Guid(4fb53cd438460f84a97145bd5e35baf1) Importer(815301076,1909f56bfc062723c751e8b465ee728b)  -> (artifact id: '1efbc6485b91fb6e5328681028a2430d') in 0.031483 seconds 
  Import took 0.034066 seconds .

========================================================================
Received Import Request.
  Time since last request: 0.000175 seconds.
  path: Assets/Asteroids Pack/Assets/Meshes/asteroid3_LOD0.fbx
  artifactKey: Guid(5f67db069f8983f49bdeff2fdad26975) Importer(815301076,1909f56bfc062723c751e8b465ee728b)
Start importing Assets/Asteroids Pack/Assets/Meshes/asteroid3_LOD0.fbx using Guid(5f67db069f8983f49bdeff2fdad26975) Importer(815301076,1909f56bfc062723c751e8b465ee728b)  -> (artifact id: 'dfcdb54a829568f0f990d02770d3670a') in 0.052637 seconds 
  Import took 0.055244 seconds .

========================================================================
Received Import Request.
  Time since last request: 11.635483 seconds.
  path: Assets/Asteroids Pack/Assets/Materials/large_asteroid.mat
  artifactKey: Guid(0e47fa6aa96cfd044b946d9923d4a47a) Importer(815301076,1909f56bfc062723c751e8b465ee728b)
Start importing Assets/Asteroids Pack/Assets/Materials/large_asteroid.mat using Guid(0e47fa6aa96cfd044b946d9923d4a47a) Importer(815301076,1909f56bfc062723c751e8b465ee728b)  -> (artifact id: 'ee7ad62f1c21e0bd168bdd3e3e2e5fc6') in 0.173615 seconds 
  Import took 0.176902 seconds .

========================================================================
Received Import Request.
  Time since last request: 0.000379 seconds.
  path: Assets/Asteroids Pack/Assets/Materials/skybox.mat
  artifactKey: Guid(18b6bf7c06173654ead94eda5ab1abee) Importer(815301076,1909f56bfc062723c751e8b465ee728b)
Start importing Assets/Asteroids Pack/Assets/Materials/skybox.mat using Guid(18b6bf7c06173654ead94eda5ab1abee) Importer(815301076,1909f56bfc062723c751e8b465ee728b)  -> (artifact id: '736a6e7a78b7cc9aa17894c78ec00119') in 0.047528 seconds 
  Import took 0.050447 seconds .

========================================================================
Received Import Request.
  Time since last request: 0.000289 seconds.
  path: Assets/Asteroids Pack/Assets/Materials/small_asteroid.mat
  artifactKey: Guid(44f9d629006bb76409d3626dd82797c0) Importer(815301076,1909f56bfc062723c751e8b465ee728b)
Start importing Assets/Asteroids Pack/Assets/Materials/small_asteroid.mat using Guid(44f9d629006bb76409d3626dd82797c0) Importer(815301076,1909f56bfc062723c751e8b465ee728b)  -> (artifact id: 'b471da850c7a4adc3091a5e2f9744d03') in 0.027303 seconds 
  Import took 0.029900 seconds .

========================================================================
Received Import Request.
  Time since last request: 1.668564 seconds.
  path: Assets/Asteroids Pack/Assets/Prefabs/Asteroid 1.prefab
  artifactKey: Guid(fa49e460baf435b4780da7196c2ab473) Importer(815301076,1909f56bfc062723c751e8b465ee728b)
Start importing Assets/Asteroids Pack/Assets/Prefabs/Asteroid 1.prefab using Guid(fa49e460baf435b4780da7196c2ab473) Importer(815301076,1909f56bfc062723c751e8b465ee728b)  -> (artifact id: '43570c98598f9f30593bef045fe42da2') in 0.092895 seconds 
  Import took 0.097451 seconds .

========================================================================
Received Import Request.
  Time since last request: 0.000565 seconds.
  path: Assets/Asteroids Pack/Assets/Prefabs/Asteroid 2.prefab
  artifactKey: Guid(84cc3cd234dfc9d4d9d2e92c0eb0af75) Importer(815301076,1909f56bfc062723c751e8b465ee728b)
Start importing Assets/Asteroids Pack/Assets/Prefabs/Asteroid 2.prefab using Guid(84cc3cd234dfc9d4d9d2e92c0eb0af75) Importer(815301076,1909f56bfc062723c751e8b465ee728b)  -> (artifact id: 'b86b7d921ec0a53364309d2379abc5f8') in 0.040751 seconds 
  Import took 0.044380 seconds .

========================================================================
Received Import Request.
  Time since last request: 0.000352 seconds.
  path: Assets/Asteroids Pack/Assets/Prefabs/Asteroid 3.prefab
  artifactKey: Guid(04d0bf4be9447154188d86f6e3b8dce9) Importer(815301076,1909f56bfc062723c751e8b465ee728b)
Start importing Assets/Asteroids Pack/Assets/Prefabs/Asteroid 3.prefab using Guid(04d0bf4be9447154188d86f6e3b8dce9) Importer(815301076,1909f56bfc062723c751e8b465ee728b)  -> (artifact id: '4fcc4b7fb1e2cf6fbc21055707085bae') in 0.044763 seconds 
  Import took 0.047465 seconds .

